# JRE version: OpenJDK Runtime Environment Temurin-21.0.12.1+1 (21.0.12.1+1) (build 21.0.12.1+1-LTS)
# Java VM: OpenJDK 64-Bit Server VM Temurin-21.0.12.1+1 (21.0.12.1+1-LTS, mixed mode, sharing, tiered, compressed oops, compressed class ptrs, parallel gc, windows-amd64)
GC Precious Log:
 CardTable entry size: 512
 CPUs: 16 total, 16 available
 Memory: 7581M
 Large Page Support: Disabled
 NUMA Support: Disabled
 Compressed Oops: Enabled (32-bit)
 Alignments: Space 512K, Generation 512K, Heap 2M
 Heap Min Capacity: 100M
 Heap Initial Capacity: 100M
 Heap Max Capacity: 2G
 Pre-touch: Disabled
 Parallel Workers: 13
Heap:
 PSYoungGen      total 5632K, used 3637K [0x00000000d5580000, 0x00000000d5e80000, 0x0000000100000000)
  eden space 4608K, 61% used [0x00000000d5580000,0x00000000d58456a0,0x00000000d5a00000)
  from space 1024K, 78% used [0x00000000d5d80000,0x00000000d5e48000,0x00000000d5e80000)
  to   space 1024K, 0% used [0x00000000d5c80000,0x00000000d5c80000,0x00000000d5d80000)
 ParOldGen       total 582656K, used 100553K [0x0000000080000000, 0x00000000a3900000, 0x00000000d5580000)
  object space 582656K, 17% used [0x0000000080000000,0x0000000086232528,0x00000000a3900000)
 Metaspace       used 78186K, committed 80064K, reserved 1179648K
  class space    used 8124K, committed 8896K, reserved 1048576K
GC Heap History (20 events):
Event: 1094.257 GC heap before
{Heap before GC invocations=1145 (full 4):
 PSYoungGen      total 6144K, used 5684K [0x00000000d5580000, 0x00000000d5d00000, 0x0000000100000000)
  eden space 5120K, 100% used [0x00000000d5580000,0x00000000d5a80000,0x00000000d5a80000)
  from space 1024K, 55% used [0x00000000d5c00000,0x00000000d5c8d200,0x00000000d5d00000)
  to   space 1024K, 0% used [0x00000000d5b00000,0x00000000d5b00000,0x00000000d5c00000)
 ParOldGen       total 582656K, used 92142K [0x0000000080000000, 0x00000000a3900000, 0x00000000d5580000)
  object space 582656K, 15% used [0x0000000080000000,0x00000000859fb898,0x00000000a3900000)
 Metaspace       used 76837K, committed 78720K, reserved 1179648K
  class space    used 7983K, committed 8768K, reserved 1048576K
}
Event: 1094.259 GC heap after
{Heap after GC invocations=1145 (full 4):
 PSYoungGen      total 6144K, used 911K [0x00000000d5580000, 0x00000000d5c80000, 0x0000000100000000)
  eden space 5120K, 0% used [0x00000000d5580000,0x00000000d5580000,0x00000000d5a80000)
  from space 1024K, 89% used [0x00000000d5b00000,0x00000000d5be3f10,0x00000000d5c00000)
  to   space 512K, 0% used [0x00000000d5c00000,0x00000000d5c00000,0x00000000d5c80000)
 ParOldGen       total 582656K, used 92486K [0x0000000080000000, 0x00000000a3900000, 0x00000000d5580000)
  object space 582656K, 15% used [0x0000000080000000,0x0000000085a51898,0x00000000a3900000)
 Metaspace       used 76837K, committed 78720K, reserved 1179648K
  class space    used 7983K, committed 8768K, reserved 1048576K
}
Event: 1094.337 GC heap before
{Heap before GC invocations=1146 (full 4):
 PSYoungGen      total 6144K, used 6031K [0x00000000d5580000, 0x00000000d5c80000, 0x0000000100000000)
  eden space 5120K, 100% used [0x00000000d5580000,0x00000000d5a80000,0x00000000d5a80000)
  from space 1024K, 89% used [0x00000000d5b00000,0x00000000d5be3f10,0x00000000d5c00000)
  to   space 512K, 0% used [0x00000000d5c00000,0x00000000d5c00000,0x00000000d5c80000)
 ParOldGen       total 582656K, used 92486K [0x0000000080000000, 0x00000000a3900000, 0x00000000d5580000)
  object space 582656K, 15% used [0x0000000080000000,0x0000000085a51898,0x00000000a3900000)
 Metaspace       used 76938K, committed 78720K, reserved 1179648K
  class space    used 7989K, committed 8768K, reserved 1048576K
}
Event: 1094.340 GC heap after
{Heap after GC invocations=1146 (full 4):
 PSYoungGen      total 5120K, used 507K [0x00000000d5580000, 0x00000000d5e80000, 0x0000000100000000)
  eden space 4608K, 0% used [0x00000000d5580000,0x00000000d5580000,0x00000000d5a00000)
  from space 512K, 99% used [0x00000000d5c00000,0x00000000d5c7ec68,0x00000000d5c80000)
  to   space 2048K, 0% used [0x00000000d5a00000,0x00000000d5a00000,0x00000000d5c00000)
 ParOldGen       total 582656K, used 93450K [0x0000000080000000, 0x00000000a3900000, 0x00000000d5580000)
  object space 582656K, 16% used [0x0000000080000000,0x0000000085b42988,0x00000000a3900000)
 Metaspace       used 76938K, committed 78720K, reserved 1179648K
  class space    used 7989K, committed 8768K, reserved 1048576K
}
Event: 1094.384 GC heap before
{Heap before GC invocations=1147 (full 4):
 PSYoungGen      total 5120K, used 5098K [0x00000000d5580000, 0x00000000d5e80000, 0x0000000100000000)
  eden space 4608K, 99% used [0x00000000d5580000,0x00000000d59fbf50,0x00000000d5a00000)
  from space 512K, 99% used [0x00000000d5c00000,0x00000000d5c7ec68,0x00000000d5c80000)
  to   space 2048K, 0% used [0x00000000d5a00000,0x00000000d5a00000,0x00000000d5c00000)
 ParOldGen       total 582656K, used 93450K [0x0000000080000000, 0x00000000a3900000, 0x00000000d5580000)
  object space 582656K, 16% used [0x0000000080000000,0x0000000085b42988,0x00000000a3900000)
 Metaspace       used 76939K, committed 78720K, reserved 1179648K
  class space    used 7989K, committed 8768K, reserved 1048576K
}
Event: 1094.387 GC heap after
{Heap after GC invocations=1147 (full 4):
 PSYoungGen      total 6656K, used 2046K [0x00000000d5580000, 0x00000000d6400000, 0x0000000100000000)
  eden space 4608K, 0% used [0x00000000d5580000,0x00000000d5580000,0x00000000d5a00000)
  from space 2048K, 99% used [0x00000000d5a00000,0x00000000d5bff9c0,0x00000000d5c00000)
  to   space 5120K, 0% used [0x00000000d5f00000,0x00000000d5f00000,0x00000000d6400000)
 ParOldGen       total 582656K, used 95856K [0x0000000080000000, 0x00000000a3900000, 0x00000000d5580000)
  object space 582656K, 16% used [0x0000000080000000,0x0000000085d9c0a0,0x00000000a3900000)
 Metaspace       used 76939K, committed 78720K, reserved 1179648K
  class space    used 7989K, committed 8768K, reserved 1048576K
}
Event: 1094.421 GC heap before
{Heap before GC invocations=1148 (full 4):
 PSYoungGen      total 6656K, used 6637K [0x00000000d5580000, 0x00000000d6400000, 0x0000000100000000)
  eden space 4608K, 99% used [0x00000000d5580000,0x00000000d59fbd68,0x00000000d5a00000)
  from space 2048K, 99% used [0x00000000d5a00000,0x00000000d5bff9c0,0x00000000d5c00000)
  to   space 5120K, 0% used [0x00000000d5f00000,0x00000000d5f00000,0x00000000d6400000)
 ParOldGen       total 582656K, used 95856K [0x0000000080000000, 0x00000000a3900000, 0x00000000d5580000)
  object space 582656K, 16% used [0x0000000080000000,0x0000000085d9c0a0,0x00000000a3900000)
 Metaspace       used 76944K, committed 78720K, reserved 1179648K
  class space    used 7989K, committed 8768K, reserved 1048576K
}
Event: 1094.424 GC heap after
{Heap after GC invocations=1148 (full 4):
 PSYoungGen      total 7168K, used 2345K [0x00000000d5580000, 0x00000000d6180000, 0x0000000100000000)
  eden space 4608K, 0% used [0x00000000d5580000,0x00000000d5580000,0x00000000d5a00000)
  from space 2560K, 91% used [0x00000000d5f00000,0x00000000d614a5e8,0x00000000d6180000)
  to   space 3584K, 0% used [0x00000000d5a80000,0x00000000d5a80000,0x00000000d5e00000)
 ParOldGen       total 582656K, used 97930K [0x0000000080000000, 0x00000000a3900000, 0x00000000d5580000)
  object space 582656K, 16% used [0x0000000080000000,0x0000000085fa2a28,0x00000000a3900000)
 Metaspace       used 76944K, committed 78720K, reserved 1179648K
  class space    used 7989K, committed 8768K, reserved 1048576K
}
Event: 1094.534 GC heap before
{Heap before GC invocations=1149 (full 4):
 PSYoungGen      total 7168K, used 6953K [0x00000000d5580000, 0x00000000d6180000, 0x0000000100000000)
  eden space 4608K, 100% used [0x00000000d5580000,0x00000000d5a00000,0x00000000d5a00000)
  from space 2560K, 91% used [0x00000000d5f00000,0x00000000d614a5e8,0x00000000d6180000)
  to   space 3584K, 0% used [0x00000000d5a80000,0x00000000d5a80000,0x00000000d5e00000)
 ParOldGen       total 582656K, used 97930K [0x0000000080000000, 0x00000000a3900000, 0x00000000d5580000)
  object space 582656K, 16% used [0x0000000080000000,0x0000000085fa2a28,0x00000000a3900000)
 Metaspace       used 77162K, committed 78912K, reserved 1179648K
  class space    used 8006K, committed 8768K, reserved 1048576K
}
Event: 1094.536 GC heap after
{Heap after GC invocations=1149 (full 4):
 PSYoungGen      total 8192K, used 544K [0x00000000d5580000, 0x00000000d5f80000, 0x0000000100000000)
  eden space 4608K, 0% used [0x00000000d5580000,0x00000000d5580000,0x00000000d5a00000)
  from space 3584K, 15% used [0x00000000d5a80000,0x00000000d5b08000,0x00000000d5e00000)
  to   space 1536K, 0% used [0x00000000d5e00000,0x00000000d5e00000,0x00000000d5f80000)
 ParOldGen       total 582656K, used 98650K [0x0000000080000000, 0x00000000a3900000, 0x00000000d5580000)
  object space 582656K, 16% used [0x0000000080000000,0x0000000086056a38,0x00000000a3900000)
 Metaspace       used 77162K, committed 78912K, reserved 1179648K
  class space    used 8006K, committed 8768K, reserved 1048576K
}
Event: 1094.693 GC heap before
{Heap before GC invocations=1150 (full 4):
 PSYoungGen      total 8192K, used 5152K [0x00000000d5580000, 0x00000000d5f80000, 0x0000000100000000)
  eden space 4608K, 100% used [0x00000000d5580000,0x00000000d5a00000,0x00000000d5a00000)
  from space 3584K, 15% used [0x00000000d5a80000,0x00000000d5b08000,0x00000000d5e00000)
  to   space 1536K, 0% used [0x00000000d5e00000,0x00000000d5e00000,0x00000000d5f80000)
 ParOldGen       total 582656K, used 98650K [0x0000000080000000, 0x00000000a3900000, 0x00000000d5580000)
  object space 582656K, 16% used [0x0000000080000000,0x0000000086056a38,0x00000000a3900000)
 Metaspace       used 77916K, committed 79744K, reserved 1179648K
  class space    used 8097K, committed 8832K, reserved 1048576K
}
Event: 1094.696 GC heap after
{Heap after GC invocations=1150 (full 4):
 PSYoungGen      total 5120K, used 496K [0x00000000d5580000, 0x00000000d5e80000, 0x0000000100000000)
  eden space 4608K, 0% used [0x00000000d5580000,0x00000000d5580000,0x00000000d5a00000)
  from space 512K, 96% used [0x00000000d5e00000,0x00000000d5e7c050,0x00000000d5e80000)
  to   space 1024K, 0% used [0x00000000d5c80000,0x00000000d5c80000,0x00000000d5d80000)
 ParOldGen       total 582656K, used 99034K [0x0000000080000000, 0x00000000a3900000, 0x00000000d5580000)
  object space 582656K, 16% used [0x0000000080000000,0x00000000860b6a80,0x00000000a3900000)
 Metaspace       used 77916K, committed 79744K, reserved 1179648K
  class space    used 8097K, committed 8832K, reserved 1048576K
}
Event: 1345.581 GC heap before
{Heap before GC invocations=1151 (full 4):
 PSYoungGen      total 5120K, used 5104K [0x00000000d5580000, 0x00000000d5e80000, 0x0000000100000000)
  eden space 4608K, 99% used [0x00000000d5580000,0x00000000d59ffff0,0x00000000d5a00000)
  from space 512K, 96% used [0x00000000d5e00000,0x00000000d5e7c050,0x00000000d5e80000)
  to   space 1024K, 0% used [0x00000000d5c80000,0x00000000d5c80000,0x00000000d5d80000)
 ParOldGen       total 582656K, used 99034K [0x0000000080000000, 0x00000000a3900000, 0x00000000d5580000)
  object space 582656K, 16% used [0x0000000080000000,0x00000000860b6a80,0x00000000a3900000)
 Metaspace       used 78127K, committed 79936K, reserved 1179648K
  class space    used 8123K, committed 8896K, reserved 1048576K
}
Event: 1345.678 GC heap after
{Heap after GC invocations=1151 (full 4):
 PSYoungGen      total 5632K, used 416K [0x00000000d5580000, 0x00000000d5e80000, 0x0000000100000000)
  eden space 4608K, 0% used [0x00000000d5580000,0x00000000d5580000,0x00000000d5a00000)
  from space 1024K, 40% used [0x00000000d5c80000,0x00000000d5ce8000,0x00000000d5d80000)
  to   space 512K, 0% used [0x00000000d5e00000,0x00000000d5e00000,0x00000000d5e80000)
 ParOldGen       total 582656K, used 99335K [0x0000000080000000, 0x00000000a3900000, 0x00000000d5580000)
  object space 582656K, 17% used [0x0000000080000000,0x0000000086101cf0,0x00000000a3900000)
 Metaspace       used 78127K, committed 79936K, reserved 1179648K
  class space    used 8123K, committed 8896K, reserved 1048576K
}
Event: 1840.763 GC heap before
{Heap before GC invocations=1152 (full 4):
 PSYoungGen      total 5632K, used 5024K [0x00000000d5580000, 0x00000000d5e80000, 0x0000000100000000)
  eden space 4608K, 100% used [0x00000000d5580000,0x00000000d5a00000,0x00000000d5a00000)
  from space 1024K, 40% used [0x00000000d5c80000,0x00000000d5ce8000,0x00000000d5d80000)
  to   space 512K, 0% used [0x00000000d5e00000,0x00000000d5e00000,0x00000000d5e80000)
 ParOldGen       total 582656K, used 99335K [0x0000000080000000, 0x00000000a3900000, 0x00000000d5580000)
  object space 582656K, 17% used [0x0000000080000000,0x0000000086101cf0,0x00000000a3900000)
 Metaspace       used 78158K, committed 80000K, reserved 1179648K
  class space    used 8124K, committed 8896K, reserved 1048576K
}
Event: 1840.803 GC heap after
{Heap after GC invocations=1152 (full 4):
 PSYoungGen      total 5120K, used 496K [0x00000000d5580000, 0x00000000d5e80000, 0x0000000100000000)
  eden space 4608K, 0% used [0x00000000d5580000,0x00000000d5580000,0x00000000d5a00000)
  from space 512K, 96% used [0x00000000d5e00000,0x00000000d5e7c020,0x00000000d5e80000)
  to   space 1024K, 0% used [0x00000000d5c80000,0x00000000d5c80000,0x00000000d5d80000)
 ParOldGen       total 582656K, used 99589K [0x0000000080000000, 0x00000000a3900000, 0x00000000d5580000)
  object space 582656K, 17% used [0x0000000080000000,0x00000000861414c8,0x00000000a3900000)
 Metaspace       used 78158K, committed 80000K, reserved 1179648K
  class space    used 8124K, committed 8896K, reserved 1048576K
}
Event: 1841.304 GC heap before
{Heap before GC invocations=1153 (full 4):
 PSYoungGen      total 5120K, used 5104K [0x00000000d5580000, 0x00000000d5e80000, 0x0000000100000000)
  eden space 4608K, 100% used [0x00000000d5580000,0x00000000d5a00000,0x00000000d5a00000)
  from space 512K, 96% used [0x00000000d5e00000,0x00000000d5e7c020,0x00000000d5e80000)
  to   space 1024K, 0% used [0x00000000d5c80000,0x00000000d5c80000,0x00000000d5d80000)
 ParOldGen       total 582656K, used 99589K [0x0000000080000000, 0x00000000a3900000, 0x00000000d5580000)
  object space 582656K, 17% used [0x0000000080000000,0x00000000861414c8,0x00000000a3900000)
 Metaspace       used 78163K, committed 80000K, reserved 1179648K
  class space    used 8124K, committed 8896K, reserved 1048576K
}
Event: 1841.309 GC heap after
{Heap after GC invocations=1153 (full 4):
 PSYoungGen      total 5632K, used 800K [0x00000000d5580000, 0x00000000d5e80000, 0x0000000100000000)
  eden space 4608K, 0% used [0x00000000d5580000,0x00000000d5580000,0x00000000d5a00000)
  from space 1024K, 78% used [0x00000000d5c80000,0x00000000d5d48000,0x00000000d5d80000)
  to   space 1024K, 0% used [0x00000000d5d80000,0x00000000d5d80000,0x00000000d5e80000)
 ParOldGen       total 582656K, used 99997K [0x0000000080000000, 0x00000000a3900000, 0x00000000d5580000)
  object space 582656K, 17% used [0x0000000080000000,0x00000000861a7518,0x00000000a3900000)
 Metaspace       used 78163K, committed 80000K, reserved 1179648K
  class space    used 8124K, committed 8896K, reserved 1048576K
}
Event: 1841.457 GC heap before
{Heap before GC invocations=1154 (full 4):
 PSYoungGen      total 5632K, used 5408K [0x00000000d5580000, 0x00000000d5e80000, 0x0000000100000000)
  eden space 4608K, 100% used [0x00000000d5580000,0x00000000d5a00000,0x00000000d5a00000)
  from space 1024K, 78% used [0x00000000d5c80000,0x00000000d5d48000,0x00000000d5d80000)
  to   space 1024K, 0% used [0x00000000d5d80000,0x00000000d5d80000,0x00000000d5e80000)
 ParOldGen       total 582656K, used 99997K [0x0000000080000000, 0x00000000a3900000, 0x00000000d5580000)
  object space 582656K, 17% used [0x0000000080000000,0x00000000861a7518,0x00000000a3900000)
 Metaspace       used 78172K, committed 80064K, reserved 1179648K
  class space    used 8124K, committed 8896K, reserved 1048576K
}
Event: 1841.463 GC heap after
{Heap after GC invocations=1154 (full 4):
 PSYoungGen      total 5632K, used 800K [0x00000000d5580000, 0x00000000d5e80000, 0x0000000100000000)
  eden space 4608K, 0% used [0x00000000d5580000,0x00000000d5580000,0x00000000d5a00000)
  from space 1024K, 78% used [0x00000000d5d80000,0x00000000d5e48000,0x00000000d5e80000)
  to   space 1024K, 0% used [0x00000000d5c80000,0x00000000d5c80000,0x00000000d5d80000)
 ParOldGen       total 582656K, used 100553K [0x0000000080000000, 0x00000000a3900000, 0x00000000d5580000)
  object space 582656K, 17% used [0x0000000080000000,0x0000000086232528,0x00000000a3900000)
 Metaspace       used 78172K, committed 80064K, reserved 1179648K
  class space    used 8124K, committed 8896K, reserved 1048576K
}

